Using pre-set license
Built from '2020.3/release' branch; Version is '2020.3.2f1 (8fd9074bf66c) revision 9427207'; Using compiler version '192528614'; Build Type 'Release'
OS: 'Windows 10 Home; OS build 19042.867; Version 2009; 64bit' Language: 'en' Physical Memory: 16263 MB
BatchMode: 1, IsHumanControllingUs: 0, StartBugReporterOnCrash: 0, Is64bit: 1, IsPro: 0

 COMMAND LINE ARGUMENTS:
C:\Program Files\Unity\Hub\Editor\2020.3.2f1\Editor\Unity.exe
-adb2
-batchMode
-noUpm
-name
AssetImportWorker0
-projectPath
D:/CS179N/SinkersGame/MovingWithMouseClick
-logFile
Logs/AssetImportWorker0.log
-srvPort
53384
Successfully changed project path to: D:/CS179N/SinkersGame/MovingWithMouseClick
D:/CS179N/SinkersGame/MovingWithMouseClick
Using Asset Import Pipeline V2.
Refreshing native plugins compatible for Editor in 31.57 ms, found 1 plugins.
Preloading 0 native plugins for Editor in 0.00 ms.
Initialize engine version: 2020.3.2f1 (8fd9074bf66c)
[Subsystems] Discovering subsystems at path C:/Program Files/Unity/Hub/Editor/2020.3.2f1/Editor/Data/Resources/UnitySubsystems
[Subsystems] Discovering subsystems at path D:/CS179N/SinkersGame/MovingWithMouseClick/Assets
GfxDevice: creating device client; threaded=0
Direct3D:
    Version:  Direct3D 11.0 [level 11.1]
    Renderer: NVIDIA GeForce GTX 1060 (ID=0x1c20)
    Vendor:   
    VRAM:     6052 MB
    Driver:   27.21.14.5763
Initialize mono
Mono path[0] = 'C:/Program Files/Unity/Hub/Editor/2020.3.2f1/Editor/Data/Managed'
Mono path[1] = 'C:/Program Files/Unity/Hub/Editor/2020.3.2f1/Editor/Data/MonoBleedingEdge/lib/mono/unityjit'
Mono config path = 'C:/Program Files/Unity/Hub/Editor/2020.3.2f1/Editor/Data/MonoBleedingEdge/etc'
Using monoOptions --debugger-agent=transport=dt_socket,embedding=1,server=y,suspend=n,address=127.0.0.1:56564
Begin MonoManager ReloadAssembly
Registering precompiled unity dll's ...
Register platform support module: C:/Program Files/Unity/Hub/Editor/2020.3.2f1/Editor/Data/PlaybackEngines/WindowsStandaloneSupport/UnityEditor.WindowsStandalone.Extensions.dll
Registered in 0.002040 seconds.
Native extension for WindowsStandalone target not found
Refreshing native plugins compatible for Editor in 32.22 ms, found 1 plugins.
Preloading 0 native plugins for Editor in 0.00 ms.
Invoked RoslynAnalysisRunner static constructor.
RoslynAnalysisRunner will not be running.
RoslynAnalysisRunner has terminated.
Mono: successfully reloaded assembly
- Completed reload, in  1.052 seconds
Platform modules already initialized, skipping
Registering precompiled user dll's ...
Registered in 0.000731 seconds.
Begin MonoManager ReloadAssembly
Native extension for WindowsStandalone target not found
Refreshing native plugins compatible for Editor in 31.50 ms, found 1 plugins.
Preloading 0 native plugins for Editor in 0.00 ms.
Invoked RoslynAnalysisRunner static constructor.
RoslynAnalysisRunner will not be running.
RoslynAnalysisRunner has terminated.
Mono: successfully reloaded assembly
- Completed reload, in  0.826 seconds
Platform modules already initialized, skipping
========================================================================
Worker process is ready to serve import requests
Launched and connected shader compiler UnityShaderCompiler.exe after 0.04 seconds
Refreshing native plugins compatible for Editor in 0.34 ms, found 1 plugins.
Preloading 0 native plugins for Editor in 0.00 ms.
Unloading 1811 Unused Serialized files (Serialized files now loaded: 0)
System memory in use before: 84.9 MB.
System memory in use after: 84.9 MB.

Unloading 24 unused Assets to reduce memory usage. Loaded Objects now: 2254.
Total: 1.951600 ms (FindLiveObjects: 0.196200 ms CreateObjectMapping: 0.087200 ms MarkObjects: 1.557900 ms  DeleteObjects: 0.109700 ms)

========================================================================
Received Import Request.
  path: Assets/PlayerHealth.cs
  artifactKey: Guid(de45230452ecb154480bd352946a71e2) Importer(815301076,1909f56bfc062723c751e8b465ee728b)
Start importing Assets/PlayerHealth.cs using Guid(de45230452ecb154480bd352946a71e2) Importer(815301076,1909f56bfc062723c751e8b465ee728b)  -> (artifact id: '104e482f451a0b04bfa175b660b35970') in 0.032708 seconds
  Import took 0.035561 seconds .

========================================================================
Received Import Request.
  Time since last request: 0.000297 seconds.
  path: Assets/PlayerMovement.cs
  artifactKey: Guid(20c952056581c5541aa0c91a2d01bba9) Importer(815301076,1909f56bfc062723c751e8b465ee728b)
Start importing Assets/PlayerMovement.cs using Guid(20c952056581c5541aa0c91a2d01bba9) Importer(815301076,1909f56bfc062723c751e8b465ee728b)  -> (artifact id: '2934f77aac3304887f9fcbba06aef7ab') in 0.013396 seconds
  Import took 0.015935 seconds .

========================================================================
Received Import Request.
  Time since last request: 39.089610 seconds.
  path: Assets/WASD Movement.cs
  artifactKey: Guid(26c5b44c6d11e19428dd2bad6c7c3549) Importer(815301076,1909f56bfc062723c751e8b465ee728b)
Start importing Assets/WASD Movement.cs using Guid(26c5b44c6d11e19428dd2bad6c7c3549) Importer(815301076,1909f56bfc062723c751e8b465ee728b)  -> (artifact id: '4c1fef92bd4a0d34464e0f41bb982683') in 0.012274 seconds
  Import took 0.015127 seconds .

========================================================================
Received Prepare
Registering precompiled user dll's ...
Registered in 0.001040 seconds.
Begin MonoManager ReloadAssembly
Native extension for WindowsStandalone target not found
Refreshing native plugins compatible for Editor in 0.37 ms, found 1 plugins.
Preloading 0 native plugins for Editor in 0.00 ms.
Invoked RoslynAnalysisRunner static constructor.
RoslynAnalysisRunner will not be running.
RoslynAnalysisRunner has terminated.
Mono: successfully reloaded assembly
- Completed reload, in  1.054 seconds
Platform modules already initialized, skipping
Refreshing native plugins compatible for Editor in 0.56 ms, found 1 plugins.
Preloading 0 native plugins for Editor in 0.00 ms.
Unloading 1807 Unused Serialized files (Serialized files now loaded: 0)
System memory in use before: 84.9 MB.
System memory in use after: 84.9 MB.

Unloading 12 unused Assets to reduce memory usage. Loaded Objects now: 2259.
Total: 2.639700 ms (FindLiveObjects: 0.246700 ms CreateObjectMapping: 0.103000 ms MarkObjects: 2.157000 ms  DeleteObjects: 0.131200 ms)

========================================================================
Received Import Request.
  Time since last request: 53.418046 seconds.
  path: Assets/WASD Movement.cs
  artifactKey: Guid(26c5b44c6d11e19428dd2bad6c7c3549) Importer(815301076,1909f56bfc062723c751e8b465ee728b)
Start importing Assets/WASD Movement.cs using Guid(26c5b44c6d11e19428dd2bad6c7c3549) Importer(815301076,1909f56bfc062723c751e8b465ee728b)  -> (artifact id: '1f6dfb39e4035745e7142eacbdb67126') in 0.004861 seconds
  Import took 0.008923 seconds .

========================================================================
Received Import Request.
  Time since last request: 28.670937 seconds.
  path: Assets/Scenes/GameScene.unity
  artifactKey: Guid(2cda990e2423bbf4892e6590ba056729) Importer(815301076,1909f56bfc062723c751e8b465ee728b)
Start importing Assets/Scenes/GameScene.unity using Guid(2cda990e2423bbf4892e6590ba056729) Importer(815301076,1909f56bfc062723c751e8b465ee728b)  -> (artifact id: 'efbae347ea49a44c6ce189e374386bdb') in 0.015742 seconds
  Import took 0.018520 seconds .

========================================================================
Received Import Request.
  Time since last request: 6.913675 seconds.
  path: Assets/Player.png
  artifactKey: Guid(b783a3aa8857b90448c4cb5f26fed9f1) Importer(815301076,1909f56bfc062723c751e8b465ee728b)
Start importing Assets/Player.png using Guid(b783a3aa8857b90448c4cb5f26fed9f1) Importer(815301076,1909f56bfc062723c751e8b465ee728b)  -> (artifact id: '364d03c7dc09f3f14ae7039c961f5dbb') in 0.073401 seconds
  Import took 0.076195 seconds .

========================================================================
Received Import Request.
  Time since last request: 1.278883 seconds.
  path: Assets/HeartSystem.cs
  artifactKey: Guid(c58ae17ca2a86bf4984b7449d2591221) Importer(815301076,1909f56bfc062723c751e8b465ee728b)
Start importing Assets/HeartSystem.cs using Guid(c58ae17ca2a86bf4984b7449d2591221) Importer(815301076,1909f56bfc062723c751e8b465ee728b)  -> (artifact id: 'aa476b5a70ef3a0af1ce04e75b88eacd') in 0.011634 seconds
  Import took 0.015302 seconds .

========================================================================
Received Import Request.
  Time since last request: 0.885384 seconds.
  path: Assets/Heart.prefab
  artifactKey: Guid(0600a759aa647354782bd09accaea6a0) Importer(815301076,1909f56bfc062723c751e8b465ee728b)
Start importing Assets/Heart.prefab using Guid(0600a759aa647354782bd09accaea6a0) Importer(815301076,1909f56bfc062723c751e8b465ee728b)  -> (artifact id: 'd08e6355063ae09eb2e698344e995695') in 0.018709 seconds
  Import took 0.021718 seconds .

========================================================================
Received Import Request.
  Time since last request: 0.008756 seconds.
  path: Assets/Heart.prefab
  artifactKey: Guid(0600a759aa647354782bd09accaea6a0) Importer(815301076,1909f56bfc062723c751e8b465ee728b)
Start importing Assets/Heart.prefab using Guid(0600a759aa647354782bd09accaea6a0) Importer(815301076,1909f56bfc062723c751e8b465ee728b)  -> (artifact id: 'd08e6355063ae09eb2e698344e995695') in 0.003398 seconds
  Import took 0.006281 seconds .

========================================================================
Received Import Request.
  Time since last request: 0.407519 seconds.
  path: Assets/heart-outline.png
  artifactKey: Guid(fbd1556b53c5d734c9fc848b515d0264) Importer(815301076,1909f56bfc062723c751e8b465ee728b)
Start importing Assets/heart-outline.png using Guid(fbd1556b53c5d734c9fc848b515d0264) Importer(815301076,1909f56bfc062723c751e8b465ee728b)  -> (artifact id: '03a5f5d5cf85164e673b838e9412f596') in 0.014940 seconds
  Import took 0.017936 seconds .

========================================================================
Received Import Request.
  Time since last request: 0.538067 seconds.
  path: Assets/heart-outline-filled.png
  artifactKey: Guid(676af10f3ad739a4dbb3ba82796f8f0f) Importer(815301076,1909f56bfc062723c751e8b465ee728b)
Start importing Assets/heart-outline-filled.png using Guid(676af10f3ad739a4dbb3ba82796f8f0f) Importer(815301076,1909f56bfc062723c751e8b465ee728b)  -> (artifact id: 'b19240fd8abe5d372c0970d57d178251') in 0.018749 seconds
  Import took 0.021652 seconds .

========================================================================
Received Import Request.
  Time since last request: 0.450456 seconds.
  path: Assets/Broken Heart.prefab
  artifactKey: Guid(e77b484cbfb49724caf87d4200ae1697) Importer(815301076,1909f56bfc062723c751e8b465ee728b)
Start importing Assets/Broken Heart.prefab using Guid(e77b484cbfb49724caf87d4200ae1697) Importer(815301076,1909f56bfc062723c751e8b465ee728b)  -> (artifact id: 'e2a83b9febaf27e20cebd11a22a3efdb') in 0.006783 seconds
  Import took 0.009944 seconds .

========================================================================
Received Import Request.
  Time since last request: 0.991665 seconds.
  path: Assets/Scenes
  artifactKey: Guid(9a922dc7b4158d54abd642fe61e375eb) Importer(815301076,1909f56bfc062723c751e8b465ee728b)
Start importing Assets/Scenes using Guid(9a922dc7b4158d54abd642fe61e375eb) Importer(815301076,1909f56bfc062723c751e8b465ee728b)  -> (artifact id: '776c4c1f72ca229f01827dffe797bc2a') in 0.004953 seconds
  Import took 0.007715 seconds .

========================================================================
Received Import Request.
  Time since last request: 1.671775 seconds.
  path: Assets
  artifactKey: Guid(00000000000000001000000000000000) Importer(815301076,1909f56bfc062723c751e8b465ee728b)
Start importing Assets using Guid(00000000000000001000000000000000) Importer(815301076,1909f56bfc062723c751e8b465ee728b)  -> (artifact id: '819a33a9bd799f71faca6db75e8a216c') in 0.011498 seconds
  Import took 0.014321 seconds .

========================================================================
Received Prepare
Registering precompiled user dll's ...
Registered in 0.000685 seconds.
Begin MonoManager ReloadAssembly
Native extension for WindowsStandalone target not found
Refreshing native plugins compatible for Editor in 0.31 ms, found 1 plugins.
Preloading 0 native plugins for Editor in 0.00 ms.
Invoked RoslynAnalysisRunner static constructor.
RoslynAnalysisRunner will not be running.
RoslynAnalysisRunner has terminated.
Mono: successfully reloaded assembly
- Completed reload, in  0.764 seconds
Platform modules already initialized, skipping
Refreshing native plugins compatible for Editor in 0.37 ms, found 1 plugins.
Preloading 0 native plugins for Editor in 0.00 ms.
Unloading 1807 Unused Serialized files (Serialized files now loaded: 0)
System memory in use before: 88.0 MB.
System memory in use after: 88.0 MB.

Unloading 12 unused Assets to reduce memory usage. Loaded Objects now: 2269.
Total: 1.963300 ms (FindLiveObjects: 0.181000 ms CreateObjectMapping: 0.057200 ms MarkObjects: 1.633900 ms  DeleteObjects: 0.090400 ms)

========================================================================
Received Import Request.
  Time since last request: 69.035354 seconds.
  path: Assets/Scenes/PlayerTestScene.unity
  artifactKey: Guid(2f84144bb960a8f4cb68ac35996fca49) Importer(815301076,1909f56bfc062723c751e8b465ee728b)
Start importing Assets/Scenes/PlayerTestScene.unity using Guid(2f84144bb960a8f4cb68ac35996fca49) Importer(815301076,1909f56bfc062723c751e8b465ee728b)  -> (artifact id: '4e28fe65a24406678b0df5b458a09bdb') in 0.017691 seconds
  Import took 0.020495 seconds .

========================================================================
Received Import Request.
  Time since last request: 11.566731 seconds.
  path: Assets/Scenes/MovementTest.unity
  artifactKey: Guid(2f84144bb960a8f4cb68ac35996fca49) Importer(815301076,1909f56bfc062723c751e8b465ee728b)
Start importing Assets/Scenes/MovementTest.unity using Guid(2f84144bb960a8f4cb68ac35996fca49) Importer(815301076,1909f56bfc062723c751e8b465ee728b)  -> (artifact id: '438976d7721037abe031373963cde5a6') in 0.010694 seconds
  Import took 0.013582 seconds .

========================================================================
Received Prepare
Registering precompiled user dll's ...
Registered in 0.000735 seconds.
Begin MonoManager ReloadAssembly
Native extension for WindowsStandalone target not found
Refreshing native plugins compatible for Editor in 0.32 ms, found 1 plugins.
Preloading 0 native plugins for Editor in 0.00 ms.
Invoked RoslynAnalysisRunner static constructor.
RoslynAnalysisRunner will not be running.
RoslynAnalysisRunner has terminated.
Mono: successfully reloaded assembly
- Completed reload, in  0.775 seconds
Platform modules already initialized, skipping
Refreshing native plugins compatible for Editor in 0.33 ms, found 1 plugins.
Preloading 0 native plugins for Editor in 0.00 ms.
Unloading 1807 Unused Serialized files (Serialized files now loaded: 0)
System memory in use before: 88.1 MB.
System memory in use after: 88.1 MB.

Unloading 12 unused Assets to reduce memory usage. Loaded Objects now: 2273.
Total: 2.131400 ms (FindLiveObjects: 0.170700 ms CreateObjectMapping: 0.078000 ms MarkObjects: 1.785800 ms  DeleteObjects: 0.095700 ms)

========================================================================
Received Prepare
Registering precompiled user dll's ...
Registered in 0.000746 seconds.
Begin MonoManager ReloadAssembly
Native extension for WindowsStandalone target not found
Refreshing native plugins compatible for Editor in 0.35 ms, found 1 plugins.
Preloading 0 native plugins for Editor in 0.00 ms.
Invoked RoslynAnalysisRunner static constructor.
RoslynAnalysisRunner will not be running.
RoslynAnalysisRunner has terminated.
Mono: successfully reloaded assembly
- Completed reload, in  0.782 seconds
Platform modules already initialized, skipping
Refreshing native plugins compatible for Editor in 0.55 ms, found 1 plugins.
Preloading 0 native plugins for Editor in 0.00 ms.
Unloading 1807 Unused Serialized files (Serialized files now loaded: 0)
System memory in use before: 88.1 MB.
System memory in use after: 88.1 MB.

Unloading 12 unused Assets to reduce memory usage. Loaded Objects now: 2277.
Total: 1.840300 ms (FindLiveObjects: 0.174800 ms CreateObjectMapping: 0.066300 ms MarkObjects: 1.499900 ms  DeleteObjects: 0.098000 ms)

========================================================================
Received Prepare
Registering precompiled user dll's ...
Registered in 0.000724 seconds.
Begin MonoManager ReloadAssembly
Native extension for WindowsStandalone target not found
Refreshing native plugins compatible for Editor in 0.36 ms, found 1 plugins.
Preloading 0 native plugins for Editor in 0.00 ms.
Invoked RoslynAnalysisRunner static constructor.
RoslynAnalysisRunner will not be running.
RoslynAnalysisRunner has terminated.
Mono: successfully reloaded assembly
- Completed reload, in  0.977 seconds
Platform modules already initialized, skipping
Refreshing native plugins compatible for Editor in 0.43 ms, found 1 plugins.
Preloading 0 native plugins for Editor in 0.00 ms.
Unloading 1807 Unused Serialized files (Serialized files now loaded: 0)
System memory in use before: 88.1 MB.
System memory in use after: 88.1 MB.

Unloading 12 unused Assets to reduce memory usage. Loaded Objects now: 2281.
Total: 2.698700 ms (FindLiveObjects: 0.366600 ms CreateObjectMapping: 0.143900 ms MarkObjects: 2.061000 ms  DeleteObjects: 0.123800 ms)

========================================================================
Received Import Request.
  Time since last request: 465.708752 seconds.
  path: Assets/Scripts
  artifactKey: Guid(708a9a65ae92b2e4482ede3d6ea7e9df) Importer(815301076,1909f56bfc062723c751e8b465ee728b)
Start importing Assets/Scripts using Guid(708a9a65ae92b2e4482ede3d6ea7e9df) Importer(815301076,1909f56bfc062723c751e8b465ee728b)  -> (artifact id: '0d5fa42288c3760153c66fa2b294c199') in 0.011951 seconds
  Import took 0.015165 seconds .

========================================================================
Received Import Request.
  Time since last request: 54.757720 seconds.
  path: Packages/com.unity.2d.animation
  artifactKey: Guid(bb5c94055a953b6081dfc49350569eb1) Importer(815301076,1909f56bfc062723c751e8b465ee728b)
Start importing Packages/com.unity.2d.animation using Guid(bb5c94055a953b6081dfc49350569eb1) Importer(815301076,1909f56bfc062723c751e8b465ee728b)  -> (artifact id: 'b309bf74f5fe69dcb9ad16d9b4fb88c8') in 0.012007 seconds
  Import took 0.014878 seconds .

========================================================================
Received Import Request.
  Time since last request: 129.712479 seconds.
  path: Assets/Scenes
  artifactKey: Guid(fcd2c59440e78fd47b261787ad2d93ef) Importer(815301076,1909f56bfc062723c751e8b465ee728b)
Start importing Assets/Scenes using Guid(fcd2c59440e78fd47b261787ad2d93ef) Importer(815301076,1909f56bfc062723c751e8b465ee728b)  -> (artifact id: 'e77744af92066800dfd7e6e1ffa8d33f') in 0.001746 seconds
  Import took 0.004833 seconds .

========================================================================
Received Import Request.
  Time since last request: 196.000233 seconds.
  path: Assets/New Prefab.prefab
  artifactKey: Guid(804aea5286a406945b64a12c5af729ad) Importer(815301076,1909f56bfc062723c751e8b465ee728b)
Start importing Assets/New Prefab.prefab using Guid(804aea5286a406945b64a12c5af729ad) Importer(815301076,1909f56bfc062723c751e8b465ee728b)  -> (artifact id: 'a79b9dc2e375961b4a35eff7d3535387') in 0.044125 seconds
  Import took 0.048722 seconds .

========================================================================
Received Import Request.
  Time since last request: 145.262988 seconds.
  path: Assets/Prefab
  artifactKey: Guid(3aa3b841590a87d4b92b928f45e0eba7) Importer(815301076,1909f56bfc062723c751e8b465ee728b)
Start importing Assets/Prefab using Guid(3aa3b841590a87d4b92b928f45e0eba7) Importer(815301076,1909f56bfc062723c751e8b465ee728b)  -> (artifact id: '274eec64178560b8fce82807bd16bd48') in 0.010346 seconds
  Import took 0.013662 seconds .

========================================================================
Received Import Request.
  Time since last request: 3.461918 seconds.
  path: Assets/PNG
  artifactKey: Guid(5a31fa30b248fc9438b1cf3116bf5d02) Importer(815301076,1909f56bfc062723c751e8b465ee728b)
Start importing Assets/PNG using Guid(5a31fa30b248fc9438b1cf3116bf5d02) Importer(815301076,1909f56bfc062723c751e8b465ee728b)  -> (artifact id: 'c88438f9c8cd4edad2a6dddd539c1786') in 0.010444 seconds
  Import took 0.013240 seconds .

========================================================================
Received Import Request.
  Time since last request: 32.722852 seconds.
  path: Assets/Prefab/Movement.prefab
  artifactKey: Guid(a4ef18ae4a5392143bf1bc54dbca1f68) Importer(815301076,1909f56bfc062723c751e8b465ee728b)
Start importing Assets/Prefab/Movement.prefab using Guid(a4ef18ae4a5392143bf1bc54dbca1f68) Importer(815301076,1909f56bfc062723c751e8b465ee728b)  -> (artifact id: '16506000687f3815e7560e64e8cb899e') in 0.012143 seconds
  Import took 0.015036 seconds .

========================================================================
Received Import Request.
  Time since last request: 0.003413 seconds.
  path: Assets/Prefab/Movement.prefab
  artifactKey: Guid(a4ef18ae4a5392143bf1bc54dbca1f68) Importer(815301076,1909f56bfc062723c751e8b465ee728b)
Start importing Assets/Prefab/Movement.prefab using Guid(a4ef18ae4a5392143bf1bc54dbca1f68) Importer(815301076,1909f56bfc062723c751e8b465ee728b)  -> (artifact id: '16506000687f3815e7560e64e8cb899e') in 0.003586 seconds
  Import took 0.006594 seconds .

========================================================================
Received Import Request.
  Time since last request: 9.259894 seconds.
  path: Assets/Prefab/Movement.prefab
  artifactKey: Guid(a4ef18ae4a5392143bf1bc54dbca1f68) Importer(815301076,1909f56bfc062723c751e8b465ee728b)
Start importing Assets/Prefab/Movement.prefab using Guid(a4ef18ae4a5392143bf1bc54dbca1f68) Importer(815301076,1909f56bfc062723c751e8b465ee728b)  -> (artifact id: '5061d7edb354e34a06c1ce33b517e995') in 0.002726 seconds
  Import took 0.005642 seconds .

========================================================================
Received Import Request.
  Time since last request: 14.516846 seconds.
  path: Assets/Prefab/Movement.prefab
  artifactKey: Guid(a4ef18ae4a5392143bf1bc54dbca1f68) Importer(815301076,1909f56bfc062723c751e8b465ee728b)
Start importing Assets/Prefab/Movement.prefab using Guid(a4ef18ae4a5392143bf1bc54dbca1f68) Importer(815301076,1909f56bfc062723c751e8b465ee728b)  -> (artifact id: '5a5666c647bf39fa37251762efdecd6d') in 0.003409 seconds
  Import took 0.007187 seconds .

========================================================================
Received Import Request.
  Time since last request: 3.683575 seconds.
  path: Assets/Prefab/Movement.prefab
  artifactKey: Guid(a4ef18ae4a5392143bf1bc54dbca1f68) Importer(815301076,1909f56bfc062723c751e8b465ee728b)
Start importing Assets/Prefab/Movement.prefab using Guid(a4ef18ae4a5392143bf1bc54dbca1f68) Importer(815301076,1909f56bfc062723c751e8b465ee728b)  -> (artifact id: '25b7121717b90f9504bd3163669aecd4') in 0.003482 seconds
  Import took 0.007866 seconds .

========================================================================
Received Prepare
Registering precompiled user dll's ...
Registered in 0.000759 seconds.
Begin MonoManager ReloadAssembly
Native extension for WindowsStandalone target not found
Refreshing native plugins compatible for Editor in 0.36 ms, found 1 plugins.
Preloading 0 native plugins for Editor in 0.00 ms.
Invoked RoslynAnalysisRunner static constructor.
RoslynAnalysisRunner will not be running.
RoslynAnalysisRunner has terminated.
Mono: successfully reloaded assembly
- Completed reload, in  0.767 seconds
Platform modules already initialized, skipping
Refreshing native plugins compatible for Editor in 0.35 ms, found 1 plugins.
Preloading 0 native plugins for Editor in 0.00 ms.
Unloading 1806 Unused Serialized files (Serialized files now loaded: 0)
System memory in use before: 88.1 MB.
System memory in use after: 88.1 MB.

Unloading 13 unused Assets to reduce memory usage. Loaded Objects now: 2284.
Total: 1.876100 ms (FindLiveObjects: 0.193600 ms CreateObjectMapping: 0.071200 ms MarkObjects: 1.512900 ms  DeleteObjects: 0.097300 ms)

========================================================================
Received Prepare
Registering precompiled user dll's ...
Registered in 0.000711 seconds.
Begin MonoManager ReloadAssembly
Native extension for WindowsStandalone target not found
Refreshing native plugins compatible for Editor in 0.33 ms, found 1 plugins.
Preloading 0 native plugins for Editor in 0.00 ms.
Invoked RoslynAnalysisRunner static constructor.
RoslynAnalysisRunner will not be running.
RoslynAnalysisRunner has terminated.
Mono: successfully reloaded assembly
- Completed reload, in  0.752 seconds
Platform modules already initialized, skipping
Refreshing native plugins compatible for Editor in 0.42 ms, found 1 plugins.
Preloading 0 native plugins for Editor in 0.00 ms.
Unloading 1807 Unused Serialized files (Serialized files now loaded: 0)
System memory in use before: 88.1 MB.
System memory in use after: 88.1 MB.

Unloading 12 unused Assets to reduce memory usage. Loaded Objects now: 2289.
Total: 2.030200 ms (FindLiveObjects: 0.174800 ms CreateObjectMapping: 0.066700 ms MarkObjects: 1.679100 ms  DeleteObjects: 0.108800 ms)

========================================================================
Received Import Request.
  Time since last request: 82.711511 seconds.
  path: Assets/WASDMovement.cs
  artifactKey: Guid(7b63f1016c7b9f849895dca170004c3b) Importer(815301076,1909f56bfc062723c751e8b465ee728b)
Start importing Assets/WASDMovement.cs using Guid(7b63f1016c7b9f849895dca170004c3b) Importer(815301076,1909f56bfc062723c751e8b465ee728b)  -> (artifact id: '49fa15125afb2e098433afdd7b5ab3e1') in 0.011567 seconds
  Import took 0.014714 seconds .

========================================================================
Received Prepare
Registering precompiled user dll's ...
Registered in 0.000686 seconds.
Begin MonoManager ReloadAssembly
Native extension for WindowsStandalone target not found
Refreshing native plugins compatible for Editor in 0.37 ms, found 1 plugins.
Preloading 0 native plugins for Editor in 0.00 ms.
Invoked RoslynAnalysisRunner static constructor.
RoslynAnalysisRunner will not be running.
RoslynAnalysisRunner has terminated.
Mono: successfully reloaded assembly
- Completed reload, in  0.826 seconds
Platform modules already initialized, skipping
Refreshing native plugins compatible for Editor in 0.70 ms, found 1 plugins.
Preloading 0 native plugins for Editor in 0.00 ms.
Unloading 1807 Unused Serialized files (Serialized files now loaded: 0)
System memory in use before: 88.1 MB.
System memory in use after: 88.1 MB.

Unloading 12 unused Assets to reduce memory usage. Loaded Objects now: 2293.
Total: 2.138300 ms (FindLiveObjects: 0.213600 ms CreateObjectMapping: 0.070800 ms MarkObjects: 1.744400 ms  DeleteObjects: 0.108600 ms)

========================================================================
Received Prepare
Registering precompiled user dll's ...
Registered in 0.001122 seconds.
Begin MonoManager ReloadAssembly
Native extension for WindowsStandalone target not found
Refreshing native plugins compatible for Editor in 0.39 ms, found 1 plugins.
Preloading 0 native plugins for Editor in 0.00 ms.
Invoked RoslynAnalysisRunner static constructor.
RoslynAnalysisRunner will not be running.
RoslynAnalysisRunner has terminated.
Mono: successfully reloaded assembly
- Completed reload, in  1.243 seconds
Platform modules already initialized, skipping
Refreshing native plugins compatible for Editor in 0.36 ms, found 1 plugins.
Preloading 0 native plugins for Editor in 0.00 ms.
Unloading 1807 Unused Serialized files (Serialized files now loaded: 0)
System memory in use before: 88.2 MB.
System memory in use after: 88.1 MB.

Unloading 12 unused Assets to reduce memory usage. Loaded Objects now: 2297.
Total: 2.114600 ms (FindLiveObjects: 0.284600 ms CreateObjectMapping: 0.078500 ms MarkObjects: 1.644100 ms  DeleteObjects: 0.105400 ms)

========================================================================
Received Import Request.
  Time since last request: 45.016734 seconds.
  path: Assets/Scripts/WASDMovement.cs
  artifactKey: Guid(7b63f1016c7b9f849895dca170004c3b) Importer(815301076,1909f56bfc062723c751e8b465ee728b)
Start importing Assets/Scripts/WASDMovement.cs using Guid(7b63f1016c7b9f849895dca170004c3b) Importer(815301076,1909f56bfc062723c751e8b465ee728b)  -> (artifact id: '340523d19cfc7bfe8953f196bafaa395') in 0.004942 seconds
  Import took 0.008447 seconds .

========================================================================
Received Import Request.
  Time since last request: 0.001698 seconds.
  path: Assets/Scripts/WASDMovement.cs
  artifactKey: Guid(7b63f1016c7b9f849895dca170004c3b) Importer(815301076,1909f56bfc062723c751e8b465ee728b)
Start importing Assets/Scripts/WASDMovement.cs using Guid(7b63f1016c7b9f849895dca170004c3b) Importer(815301076,1909f56bfc062723c751e8b465ee728b)  -> (artifact id: '340523d19cfc7bfe8953f196bafaa395') in 0.002184 seconds
  Import took 0.005441 seconds .

========================================================================
Received Import Request.
  Time since last request: 0.516722 seconds.
  path: Assets/Prefab/Movement.prefab
  artifactKey: Guid(a4ef18ae4a5392143bf1bc54dbca1f68) Importer(815301076,1909f56bfc062723c751e8b465ee728b)
Start importing Assets/Prefab/Movement.prefab using Guid(a4ef18ae4a5392143bf1bc54dbca1f68) Importer(815301076,1909f56bfc062723c751e8b465ee728b)  -> (artifact id: 'd30f5b98a40521c2a8e7be16e8d15009') in 0.019135 seconds
  Import took 0.021973 seconds .

========================================================================
Received Import Request.
  Time since last request: 0.004686 seconds.
  path: Assets/Prefab/Movement.prefab
  artifactKey: Guid(a4ef18ae4a5392143bf1bc54dbca1f68) Importer(815301076,1909f56bfc062723c751e8b465ee728b)
Start importing Assets/Prefab/Movement.prefab using Guid(a4ef18ae4a5392143bf1bc54dbca1f68) Importer(815301076,1909f56bfc062723c751e8b465ee728b)  -> (artifact id: 'd30f5b98a40521c2a8e7be16e8d15009') in 0.003018 seconds
  Import took 0.006573 seconds .

========================================================================
Received Import Request.
  Time since last request: 3.955234 seconds.
  path: Assets/Prefab/Movement.prefab
  artifactKey: Guid(a4ef18ae4a5392143bf1bc54dbca1f68) Importer(815301076,1909f56bfc062723c751e8b465ee728b)
Start importing Assets/Prefab/Movement.prefab using Guid(a4ef18ae4a5392143bf1bc54dbca1f68) Importer(815301076,1909f56bfc062723c751e8b465ee728b)  -> (artifact id: '3d4704b4964b4e2fd29117fcafe8fbd5') in 0.003900 seconds
  Import took 0.008380 seconds .

AssetImportWorkerClient::OnTransportError - code=2 error=End of file
